f:\xrchess\chessai\chessai\x64\release\chessai.pch
f:\xrchess\chessai\chessai\x64\release\vc143.pdb
f:\xrchess\chessai\chessai\x64\release\pch.obj
f:\xrchess\chessai\chessai\x64\release\yolov7.obj
f:\xrchess\chessai\chessai\x64\release\utils.obj
f:\xrchess\chessai\chessai\x64\release\skincolors.obj
f:\xrchess\chessai\chessai\x64\release\qstatusbar.obj
f:\xrchess\chessai\chessai\x64\release\qroundpicture.obj
f:\xrchess\chessai\chessai\x64\release\qjson.obj
f:\xrchess\chessai\chessai\x64\release\qedit.obj
f:\xrchess\chessai\chessai\x64\release\qbutton.obj
f:\xrchess\chessai\chessai\x64\release\process.obj
f:\xrchess\chessai\chessai\x64\release\http.obj
f:\xrchess\chessai\chessai\x64\release\game.obj
f:\xrchess\chessai\chessai\x64\release\enginedlg.obj
f:\xrchess\chessai\chessai\x64\release\d3d9.obj
f:\xrchess\chessai\chessai\x64\release\chessaidlg.obj
f:\xrchess\chessai\chessai\x64\release\chessai.obj
f:\xrchess\chessai\chessai\x64\release\gdi.obj
f:\xrchess\chessai\chessai\x64\release\chessai.res
f:\xrchess\chessai\chessai\x64\release\chessai.ipdb
f:\xrchess\chessai\chessai\x64\release\chessai.iobj
f:\xrchess\chessai\x64\release\chessai.pdb
f:\xrchess\chessai\chessai\x64\release\chessai.tlog\cl.command.1.tlog
f:\xrchess\chessai\chessai\x64\release\chessai.tlog\cl.items.tlog
f:\xrchess\chessai\chessai\x64\release\chessai.tlog\cl.read.1.tlog
f:\xrchess\chessai\chessai\x64\release\chessai.tlog\cl.write.1.tlog
f:\xrchess\chessai\chessai\x64\release\chessai.tlog\link.command.1.tlog
f:\xrchess\chessai\chessai\x64\release\chessai.tlog\link.read.1.tlog
f:\xrchess\chessai\chessai\x64\release\chessai.tlog\link.secondary.1.tlog
f:\xrchess\chessai\chessai\x64\release\chessai.tlog\link.write.1.tlog
f:\xrchess\chessai\chessai\x64\release\chessai.tlog\rc.command.1.tlog
f:\xrchess\chessai\chessai\x64\release\chessai.tlog\rc.read.1.tlog
f:\xrchess\chessai\chessai\x64\release\chessai.tlog\rc.write.1.tlog
